0118-115511-GB
track1 train_course/30.csv test_course/30.csv output/course_30
col used:['enrollment_id', 'take_course_num', 'user_log_num', 'log_num', 'server_nagivate', 'server_access', 'server_problem', 'browser_access', 'browser_problem', 'browser_page_close', 'browser_video', 'server_discussion', 'server_wiki', 'day_diff', 'valid_vlogcnt', 'log_day_1', 'log_day_2', 'log_day_3', 'log_day_4', 'log_day_5', 'first_access', 'last_access', 'course_access_diff', 'video_obj', 'problem_obj', 'discussion_obj', 'take_course_num_1', 'longest_offline', 'longest_online']
-----------
load trainingX with shape = (1468, 27)
load testingX with shape = (410, 27)
-----------
[300, 2, 'auto']:0118-115511
 =0.9525322484,0118-115513

[300, 2, 0.5]:0118-115513
 =0.953794405177,0118-115514

[300, 3, 'auto']:0118-115514
 =0.950705051932,0118-115516

[300, 3, 0.5]:0118-115516
 =0.948737848121,0118-115518

[300, 4, 'auto']:0118-115518
 =0.950080715263,0118-115521

[300, 4, 0.5]:0118-115521
 =0.947917178095,0118-115523

[400, 2, 'auto']:0118-115523
 =0.95233408299,0118-115526

[400, 2, 0.5]:0118-115526
 =0.952751524894,0118-115527

[400, 3, 'auto']:0118-115527
 =0.950895982051,0118-115531

[400, 3, 0.5]:0118-115531
 =0.94883890348,0118-115533

[400, 4, 'auto']:0118-115533
 =0.949494725321,0118-115538

[400, 4, 0.5]:0118-115538
 =0.947213389088,0118-115541

best:[300, 2, 0.5] 0.953794405177
