0118-115119-GB
track1 train_course/7.csv test_course/7.csv output/course_7
col used:['enrollment_id', 'take_course_num', 'user_log_num', 'log_num', 'server_nagivate', 'server_access', 'server_problem', 'browser_access', 'browser_problem', 'browser_page_close', 'browser_video', 'server_discussion', 'server_wiki', 'day_diff', 'valid_vlogcnt', 'log_day_1', 'log_day_2', 'log_day_3', 'log_day_4', 'log_day_5', 'first_access', 'last_access', 'course_access_diff', 'video_obj', 'problem_obj', 'discussion_obj', 'take_course_num_1', 'longest_offline', 'longest_online']
-----------
load trainingX with shape = (9657, 27)
load testingX with shape = (2347, 27)
-----------
[300, 2, 'auto']:0118-115119
 =0.945710016795,0118-115134

[300, 2, 0.5]:0118-115134
 =0.945801717601,0118-115142

[300, 3, 'auto']:0118-115142
 =0.944063438483,0118-115205

[300, 3, 0.5]:0118-115205
 =0.945010506934,0118-115216

[300, 4, 'auto']:0118-115216
 =0.940043931905,0118-115247

[300, 4, 0.5]:0118-115247
 =0.941026511545,0118-115302

[400, 2, 'auto']:0118-115302
 =0.945474389065,0118-115322

[400, 2, 0.5]:0118-115322
 =0.945497770099,0118-115333

[400, 3, 'auto']:0118-115333
 =0.941998140549,0118-115402

[400, 3, 0.5]:0118-115402
 =0.943619276858,0118-115417

[400, 4, 'auto']:0118-115417
 =0.938473672975,0118-115457

[400, 4, 0.5]:0118-115457
 =0.939224851171,0118-115518

best:[300, 2, 0.5] 0.945801717601
