0118-115634-GB
track1 train_course/33.csv test_course/33.csv output/course_33
col used:['enrollment_id', 'take_course_num', 'user_log_num', 'log_num', 'server_nagivate', 'server_access', 'server_problem', 'browser_access', 'browser_problem', 'browser_page_close', 'browser_video', 'server_discussion', 'server_wiki', 'day_diff', 'valid_vlogcnt', 'log_day_1', 'log_day_2', 'log_day_3', 'log_day_4', 'log_day_5', 'first_access', 'last_access', 'course_access_diff', 'video_obj', 'problem_obj', 'discussion_obj', 'take_course_num_1', 'longest_offline', 'longest_online']
-----------
load trainingX with shape = (1165, 27)
load testingX with shape = (265, 27)
-----------
[300, 2, 'auto']:0118-115634
 =0.970583178572,0118-115636

[300, 2, 0.5]:0118-115636
 =0.963133046721,0118-115637

[300, 3, 'auto']:0118-115637
 =0.957317823809,0118-115639

[300, 3, 0.5]:0118-115639
 =0.961817373585,0118-115640

[300, 4, 'auto']:0118-115640
 =0.95735608984,0118-115642

[300, 4, 0.5]:0118-115642
 =0.961756431812,0118-115644

[400, 2, 'auto']:0118-115644
 =0.968506375848,0118-115646

[400, 2, 0.5]:0118-115646
 =0.962460044769,0118-115647

[400, 3, 'auto']:0118-115647
 =0.957318316163,0118-115649

[400, 3, 0.5]:0118-115649
 =0.959791154418,0118-115651

[400, 4, 'auto']:0118-115651
 =0.958616337878,0118-115654

[400, 4, 0.5]:0118-115654
 =0.961800638925,0118-115656

best:[300, 2, 'auto'] 0.970583178572
