0118-115658-GB
track1 train_course/34.csv test_course/34.csv output/course_34
col used:['enrollment_id', 'take_course_num', 'user_log_num', 'log_num', 'server_nagivate', 'server_access', 'server_problem', 'browser_access', 'browser_problem', 'browser_page_close', 'browser_video', 'server_discussion', 'server_wiki', 'day_diff', 'valid_vlogcnt', 'log_day_1', 'log_day_2', 'log_day_3', 'log_day_4', 'log_day_5', 'first_access', 'last_access', 'course_access_diff', 'video_obj', 'problem_obj', 'discussion_obj', 'take_course_num_1', 'longest_offline', 'longest_online']
-----------
load trainingX with shape = (1583, 27)
load testingX with shape = (421, 27)
-----------
[300, 2, 'auto']:0118-115658
 =0.964480787202,0118-115700

[300, 2, 0.5]:0118-115700
 =0.965320552634,0118-115702

[300, 3, 'auto']:0118-115702
 =0.960249479548,0118-115705

[300, 3, 0.5]:0118-115705
 =0.954549956012,0118-115706

[300, 4, 'auto']:0118-115706
 =0.95743403976,0118-115711

[300, 4, 0.5]:0118-115711
 =0.956055073825,0118-115713

[400, 2, 'auto']:0118-115713
 =0.963640517217,0118-115716

[400, 2, 0.5]:0118-115716
 =0.96262350024,0118-115718

[400, 3, 'auto']:0118-115718
 =0.959543179818,0118-115722

[400, 3, 0.5]:0118-115722
 =0.955965833945,0118-115724

[400, 4, 'auto']:0118-115724
 =0.956630228676,0118-115729

[400, 4, 0.5]:0118-115729
 =0.956341103953,0118-115732

best:[300, 2, 0.5] 0.965320552634
