0118-115945-GB
track1 train_course/38.csv test_course/38.csv output/course_38
col used:['enrollment_id', 'take_course_num', 'user_log_num', 'log_num', 'server_nagivate', 'server_access', 'server_problem', 'browser_access', 'browser_problem', 'browser_page_close', 'browser_video', 'server_discussion', 'server_wiki', 'day_diff', 'valid_vlogcnt', 'log_day_1', 'log_day_2', 'log_day_3', 'log_day_4', 'log_day_5', 'first_access', 'last_access', 'course_access_diff', 'video_obj', 'problem_obj', 'discussion_obj', 'take_course_num_1', 'longest_offline', 'longest_online']
-----------
load trainingX with shape = (2249, 27)
load testingX with shape = (547, 27)
-----------
[300, 2, 'auto']:0118-115945
 =0.954555169505,0118-115948

[300, 2, 0.5]:0118-115948
 =0.9546022794,0118-115949

[300, 3, 'auto']:0118-115949
 =0.953168622249,0118-115954

[300, 3, 0.5]:0118-115954
 =0.953343628376,0118-115957

[300, 4, 'auto']:0118-115957
 =0.9489919716,0118-120003

[300, 4, 0.5]:0118-120003
 =0.950122231617,0118-120006

[400, 2, 'auto']:0118-120006
 =0.953411313104,0118-120011

[400, 2, 0.5]:0118-120011
 =0.952784908835,0118-120013

[400, 3, 'auto']:0118-120013
 =0.950936153161,0118-120019

[400, 3, 0.5]:0118-120019
 =0.949906810504,0118-120022

[400, 4, 'auto']:0118-120022
 =0.9473215402,0118-120029

[400, 4, 0.5]:0118-120029
 =0.949265843062,0118-120033

best:[300, 2, 0.5] 0.9546022794
