0118-114821-GB
track1 train_course/2.csv test_course/2.csv output/course_2
col used:['enrollment_id', 'take_course_num', 'user_log_num', 'log_num', 'server_nagivate', 'server_access', 'server_problem', 'browser_access', 'browser_problem', 'browser_page_close', 'browser_video', 'server_discussion', 'server_wiki', 'day_diff', 'valid_vlogcnt', 'log_day_1', 'log_day_2', 'log_day_3', 'log_day_4', 'log_day_5', 'first_access', 'last_access', 'course_access_diff', 'video_obj', 'problem_obj', 'discussion_obj', 'take_course_num_1', 'longest_offline', 'longest_online']
-----------
load trainingX with shape = (1596, 27)
load testingX with shape = (412, 27)
-----------
[300, 2, 'auto']:0118-114821
 =0.952337167551,0118-114824

[300, 2, 0.5]:0118-114824
 =0.953208340588,0118-114825

[300, 3, 'auto']:0118-114825
 =0.949342969195,0118-114828

[300, 3, 0.5]:0118-114828
 =0.95033501627,0118-114830

[300, 4, 'auto']:0118-114830
 =0.941913629974,0118-114834

[300, 4, 0.5]:0118-114834
 =0.948132673715,0118-114836

[400, 2, 'auto']:0118-114836
 =0.950948671326,0118-114839

[400, 2, 0.5]:0118-114839
 =0.951160937154,0118-114841

[400, 3, 'auto']:0118-114841
 =0.949081472253,0118-114845

[400, 3, 0.5]:0118-114845
 =0.949250757928,0118-114847

[400, 4, 'auto']:0118-114847
 =0.94302945531,0118-114853

[400, 4, 0.5]:0118-114853
 =0.948432968481,0118-114856

best:[300, 2, 0.5] 0.953208340588
