0118-120447-GB
track1 train_course/16.csv test_course/16.csv output/course_16
col used:['enrollment_id', 'take_course_num', 'user_log_num', 'log_num', 'server_nagivate', 'server_access', 'server_problem', 'browser_access', 'browser_problem', 'browser_page_close', 'browser_video', 'server_discussion', 'server_wiki', 'day_diff', 'valid_vlogcnt', 'log_day_1', 'log_day_2', 'log_day_3', 'log_day_4', 'log_day_5', 'first_access', 'last_access', 'course_access_diff', 'video_obj', 'problem_obj', 'discussion_obj', 'take_course_num_1', 'longest_offline', 'longest_online']
-----------
load trainingX with shape = (943, 27)
load testingX with shape = (244, 27)
-----------
[300, 2, 'auto']:0118-120447
 =0.935290413928,0118-120448

[300, 2, 0.5]:0118-120448
 =0.935766226353,0118-120449

[300, 3, 'auto']:0118-120449
 =0.933083337066,0118-120450

[300, 3, 0.5]:0118-120450
 =0.93539462843,0118-120451

[300, 4, 'auto']:0118-120451
 =0.932651638254,0118-120453

[300, 4, 0.5]:0118-120453
 =0.935197379405,0118-120455

[400, 2, 'auto']:0118-120455
 =0.935821954665,0118-120456

[400, 2, 0.5]:0118-120456
 =0.934046011318,0118-120457

[400, 3, 'auto']:0118-120457
 =0.931734353139,0118-120459

[400, 3, 0.5]:0118-120459
 =0.933425335566,0118-120501

[400, 4, 'auto']:0118-120501
 =0.932240520148,0118-120503

[400, 4, 0.5]:0118-120503
 =0.936743318123,0118-120505

best:[400, 4, 0.5] 0.936743318123
