0118-115050-GB
track1 train_course/6.csv test_course/6.csv output/course_6
col used:['enrollment_id', 'take_course_num', 'user_log_num', 'log_num', 'server_nagivate', 'server_access', 'server_problem', 'browser_access', 'browser_problem', 'browser_page_close', 'browser_video', 'server_discussion', 'server_wiki', 'day_diff', 'valid_vlogcnt', 'log_day_1', 'log_day_2', 'log_day_3', 'log_day_4', 'log_day_5', 'first_access', 'last_access', 'course_access_diff', 'video_obj', 'problem_obj', 'discussion_obj', 'take_course_num_1', 'longest_offline', 'longest_online']
-----------
load trainingX with shape = (1170, 27)
load testingX with shape = (311, 27)
-----------
[300, 2, 'auto']:0118-115050
 =0.955680969781,0118-115052

[300, 2, 0.5]:0118-115052
 =0.956269323501,0118-115053

[300, 3, 'auto']:0118-115053
 =0.945709270396,0118-115056

[300, 3, 0.5]:0118-115056
 =0.947393272605,0118-115057

[300, 4, 'auto']:0118-115057
 =0.940280941057,0118-115101

[300, 4, 0.5]:0118-115101
 =0.941733102976,0118-115103

[400, 2, 'auto']:0118-115103
 =0.952622971697,0118-115105

[400, 2, 0.5]:0118-115105
 =0.953824766691,0118-115106

[400, 3, 'auto']:0118-115106
 =0.941999882351,0118-115110

[400, 3, 0.5]:0118-115110
 =0.943138831623,0118-115111

[400, 4, 'auto']:0118-115111
 =0.938818115253,0118-115116

[400, 4, 0.5]:0118-115116
 =0.944030882497,0118-115118

best:[300, 2, 0.5] 0.956269323501
