0118-115414-GB
track1 train_course/29.csv test_course/29.csv output/course_29
col used:['enrollment_id', 'take_course_num', 'user_log_num', 'log_num', 'server_nagivate', 'server_access', 'server_problem', 'browser_access', 'browser_problem', 'browser_page_close', 'browser_video', 'server_discussion', 'server_wiki', 'day_diff', 'valid_vlogcnt', 'log_day_1', 'log_day_2', 'log_day_3', 'log_day_4', 'log_day_5', 'first_access', 'last_access', 'course_access_diff', 'video_obj', 'problem_obj', 'discussion_obj', 'take_course_num_1', 'longest_offline', 'longest_online']
-----------
load trainingX with shape = (2382, 27)
load testingX with shape = (599, 27)
-----------
[300, 2, 'auto']:0118-115414
 =0.96114305463,0118-115417

[300, 2, 0.5]:0118-115417
 =0.962029768132,0118-115420

[300, 3, 'auto']:0118-115420
 =0.957076614305,0118-115425

[300, 3, 0.5]:0118-115425
 =0.958417437163,0118-115428

[300, 4, 'auto']:0118-115428
 =0.956087698718,0118-115434

[300, 4, 0.5]:0118-115434
 =0.956262247146,0118-115438

[400, 2, 'auto']:0118-115438
 =0.960205831098,0118-115443

[400, 2, 0.5]:0118-115443
 =0.96005487,0118-115445

[400, 3, 'auto']:0118-115445
 =0.955861113004,0118-115452

[400, 3, 0.5]:0118-115452
 =0.956401805219,0118-115456

[400, 4, 'auto']:0118-115456
 =0.953515167644,0118-115504

[400, 4, 0.5]:0118-115504
 =0.954776712978,0118-115508

best:[300, 2, 0.5] 0.962029768132
