0118-115350-GB
track1 train_course/28.csv test_course/28.csv output/course_28
col used:['enrollment_id', 'take_course_num', 'user_log_num', 'log_num', 'server_nagivate', 'server_access', 'server_problem', 'browser_access', 'browser_problem', 'browser_page_close', 'browser_video', 'server_discussion', 'server_wiki', 'day_diff', 'valid_vlogcnt', 'log_day_1', 'log_day_2', 'log_day_3', 'log_day_4', 'log_day_5', 'first_access', 'last_access', 'course_access_diff', 'video_obj', 'problem_obj', 'discussion_obj', 'take_course_num_1', 'longest_offline', 'longest_online']
-----------
load trainingX with shape = (970, 27)
load testingX with shape = (217, 27)
-----------
[300, 2, 'auto']:0118-115350
 =0.925383486096,0118-115352

[300, 2, 0.5]:0118-115352
 =0.933715212964,0118-115353

[300, 3, 'auto']:0118-115353
 =0.934583547231,0118-115355

[300, 3, 0.5]:0118-115355
 =0.936811092306,0118-115356

[300, 4, 'auto']:0118-115356
 =0.928964144357,0118-115358

[300, 4, 0.5]:0118-115358
 =0.930841142406,0118-115400

[400, 2, 'auto']:0118-115400
 =0.920942754895,0118-115402

[400, 2, 0.5]:0118-115402
 =0.929061817133,0118-115403

[400, 3, 'auto']:0118-115403
 =0.932885370298,0118-115405

[400, 3, 0.5]:0118-115405
 =0.934806153754,0118-115407

[400, 4, 'auto']:0118-115407
 =0.932046070171,0118-115410

[400, 4, 0.5]:0118-115410
 =0.926902127096,0118-115412

best:[300, 3, 0.5] 0.936811092306
