0118-115142-GB
track1 train_course/25.csv test_course/25.csv output/course_25
col used:['enrollment_id', 'take_course_num', 'user_log_num', 'log_num', 'server_nagivate', 'server_access', 'server_problem', 'browser_access', 'browser_problem', 'browser_page_close', 'browser_video', 'server_discussion', 'server_wiki', 'day_diff', 'valid_vlogcnt', 'log_day_1', 'log_day_2', 'log_day_3', 'log_day_4', 'log_day_5', 'first_access', 'last_access', 'course_access_diff', 'video_obj', 'problem_obj', 'discussion_obj', 'take_course_num_1', 'longest_offline', 'longest_online']
-----------
load trainingX with shape = (3194, 27)
load testingX with shape = (816, 27)
-----------
[300, 2, 'auto']:0118-115142
 =0.967294046362,0118-115147

[300, 2, 0.5]:0118-115147
 =0.967060198397,0118-115149

[300, 3, 'auto']:0118-115149
 =0.962730672687,0118-115156

[300, 3, 0.5]:0118-115156
 =0.964626662468,0118-115200

[300, 4, 'auto']:0118-115200
 =0.9584474784,0118-115208

[300, 4, 0.5]:0118-115208
 =0.960299165889,0118-115213

[400, 2, 'auto']:0118-115213
 =0.964592176572,0118-115219

[400, 2, 0.5]:0118-115219
 =0.965465048476,0118-115222

[400, 3, 'auto']:0118-115222
 =0.958474459135,0118-115231

[400, 3, 0.5]:0118-115231
 =0.961321220953,0118-115236

[400, 4, 'auto']:0118-115236
 =0.957369215542,0118-115248

[400, 4, 0.5]:0118-115248
 =0.956406265349,0118-115254

best:[300, 2, 'auto'] 0.967294046362
