0118-115734-GB
track1 train_course/35.csv test_course/35.csv output/course_35
col used:['enrollment_id', 'take_course_num', 'user_log_num', 'log_num', 'server_nagivate', 'server_access', 'server_problem', 'browser_access', 'browser_problem', 'browser_page_close', 'browser_video', 'server_discussion', 'server_wiki', 'day_diff', 'valid_vlogcnt', 'log_day_1', 'log_day_2', 'log_day_3', 'log_day_4', 'log_day_5', 'first_access', 'last_access', 'course_access_diff', 'video_obj', 'problem_obj', 'discussion_obj', 'take_course_num_1', 'longest_offline', 'longest_online']
-----------
load trainingX with shape = (1117, 27)
load testingX with shape = (285, 27)
-----------
[300, 2, 'auto']:0118-115734
 =0.940991001592,0118-115735

[300, 2, 0.5]:0118-115735
 =0.950385768634,0118-115736

[300, 3, 'auto']:0118-115736
 =0.933222821131,0118-115738

[300, 3, 0.5]:0118-115738
 =0.938822658024,0118-115739

[300, 4, 'auto']:0118-115739
 =0.936783431734,0118-115742

[300, 4, 0.5]:0118-115742
 =0.937865510021,0118-115744

[400, 2, 'auto']:0118-115744
 =0.941399600818,0118-115746

[400, 2, 0.5]:0118-115746
 =0.946559999509,0118-115747

[400, 3, 'auto']:0118-115747
 =0.930719348678,0118-115750

[400, 3, 0.5]:0118-115750
 =0.936514208074,0118-115751

[400, 4, 'auto']:0118-115751
 =0.935188658758,0118-115755

[400, 4, 0.5]:0118-115755
 =0.937175313106,0118-115757

best:[300, 2, 0.5] 0.950385768634
