0118-115643-GB
track1 train_course/9.csv test_course/9.csv output/course_9
col used:['enrollment_id', 'take_course_num', 'user_log_num', 'log_num', 'server_nagivate', 'server_access', 'server_problem', 'browser_access', 'browser_problem', 'browser_page_close', 'browser_video', 'server_discussion', 'server_wiki', 'day_diff', 'valid_vlogcnt', 'log_day_1', 'log_day_2', 'log_day_3', 'log_day_4', 'log_day_5', 'first_access', 'last_access', 'course_access_diff', 'video_obj', 'problem_obj', 'discussion_obj', 'take_course_num_1', 'longest_offline', 'longest_online']
-----------
load trainingX with shape = (1010, 27)
load testingX with shape = (230, 27)
-----------
[300, 2, 'auto']:0118-115643
 =0.923826896781,0118-115644

[300, 2, 0.5]:0118-115644
 =0.92542039879,0118-115645

[300, 3, 'auto']:0118-115645
 =0.91574957922,0118-115647

[300, 3, 0.5]:0118-115647
 =0.920234848212,0118-115649

[300, 4, 'auto']:0118-115649
 =0.921824264843,0118-115651

[300, 4, 0.5]:0118-115651
 =0.92282092761,0118-115653

[400, 2, 'auto']:0118-115653
 =0.922456565426,0118-115654

[400, 2, 0.5]:0118-115654
 =0.92059614369,0118-115655

[400, 3, 'auto']:0118-115655
 =0.919711990226,0118-115658

[400, 3, 0.5]:0118-115658
 =0.922273853055,0118-115700

[400, 4, 'auto']:0118-115700
 =0.922442779732,0118-115703

[400, 4, 0.5]:0118-115703
 =0.922608772488,0118-115705

best:[300, 2, 0.5] 0.92542039879
