0118-115706-GB
track1 train_course/10.csv test_course/10.csv output/course_10
col used:['enrollment_id', 'take_course_num', 'user_log_num', 'log_num', 'server_nagivate', 'server_access', 'server_problem', 'browser_access', 'browser_problem', 'browser_page_close', 'browser_video', 'server_discussion', 'server_wiki', 'day_diff', 'valid_vlogcnt', 'log_day_1', 'log_day_2', 'log_day_3', 'log_day_4', 'log_day_5', 'first_access', 'last_access', 'course_access_diff', 'video_obj', 'problem_obj', 'discussion_obj', 'take_course_num_1', 'longest_offline', 'longest_online']
-----------
load trainingX with shape = (1157, 27)
load testingX with shape = (314, 27)
-----------
[300, 2, 'auto']:0118-115706
 =0.975556266293,0118-115708

[300, 2, 0.5]:0118-115708
 =0.978435162338,0118-115708

[300, 3, 'auto']:0118-115708
 =0.973589433352,0118-115711

[300, 3, 0.5]:0118-115711
 =0.977875626188,0118-115712

[300, 4, 'auto']:0118-115712
 =0.979139772658,0118-115714

[300, 4, 0.5]:0118-115714
 =0.978128698381,0118-115715

[400, 2, 'auto']:0118-115715
 =0.974959837256,0118-115717

[400, 2, 0.5]:0118-115717
 =0.976914813814,0118-115718

[400, 3, 'auto']:0118-115718
 =0.972728978204,0118-115721

[400, 3, 0.5]:0118-115721
 =0.975079595329,0118-115722

[400, 4, 'auto']:0118-115722
 =0.978002537645,0118-115726

[400, 4, 0.5]:0118-115726
 =0.975284912119,0118-115728

best:[300, 4, 'auto'] 0.979139772658
