0118-115033-GB
track1 train_course/5.csv test_course/5.csv output/course_5
col used:['enrollment_id', 'take_course_num', 'user_log_num', 'log_num', 'server_nagivate', 'server_access', 'server_problem', 'browser_access', 'browser_problem', 'browser_page_close', 'browser_video', 'server_discussion', 'server_wiki', 'day_diff', 'valid_vlogcnt', 'log_day_1', 'log_day_2', 'log_day_3', 'log_day_4', 'log_day_5', 'first_access', 'last_access', 'course_access_diff', 'video_obj', 'problem_obj', 'discussion_obj', 'take_course_num_1', 'longest_offline', 'longest_online']
-----------
load trainingX with shape = (719, 27)
load testingX with shape = (179, 27)
-----------
[300, 2, 'auto']:0118-115033
 =0.959683588427,0118-115034

[300, 2, 0.5]:0118-115034
 =0.95605837056,0118-115034

[300, 3, 'auto']:0118-115034
 =0.954665233664,0118-115036

[300, 3, 0.5]:0118-115036
 =0.952527615265,0118-115037

[300, 4, 'auto']:0118-115037
 =0.952376772381,0118-115039

[300, 4, 0.5]:0118-115039
 =0.956666891377,0118-115040

[400, 2, 'auto']:0118-115040
 =0.956990873083,0118-115042

[400, 2, 0.5]:0118-115042
 =0.955239775953,0118-115042

[400, 3, 'auto']:0118-115042
 =0.953095205371,0118-115044

[400, 3, 0.5]:0118-115044
 =0.952040705274,0118-115045

[400, 4, 'auto']:0118-115045
 =0.949988798676,0118-115048

[400, 4, 0.5]:0118-115048
 =0.954443454622,0118-115049

best:[300, 2, 'auto'] 0.959683588427
