0118-115313-GB
track1 train_course/27.csv test_course/27.csv output/course_27
col used:['enrollment_id', 'take_course_num', 'user_log_num', 'log_num', 'server_nagivate', 'server_access', 'server_problem', 'browser_access', 'browser_problem', 'browser_page_close', 'browser_video', 'server_discussion', 'server_wiki', 'day_diff', 'valid_vlogcnt', 'log_day_1', 'log_day_2', 'log_day_3', 'log_day_4', 'log_day_5', 'first_access', 'last_access', 'course_access_diff', 'video_obj', 'problem_obj', 'discussion_obj', 'take_course_num_1', 'longest_offline', 'longest_online']
-----------
load trainingX with shape = (1547, 27)
load testingX with shape = (386, 27)
-----------
[300, 2, 'auto']:0118-115313
 =0.952842316963,0118-115315

[300, 2, 0.5]:0118-115315
 =0.953362534385,0118-115316

[300, 3, 'auto']:0118-115316
 =0.944416428007,0118-115320

[300, 3, 0.5]:0118-115320
 =0.9472171562,0118-115322

[300, 4, 'auto']:0118-115322
 =0.936765791345,0118-115326

[300, 4, 0.5]:0118-115326
 =0.936711647044,0118-115328

[400, 2, 'auto']:0118-115328
 =0.946549766737,0118-115331

[400, 2, 0.5]:0118-115331
 =0.947428625836,0118-115333

[400, 3, 'auto']:0118-115333
 =0.937603010277,0118-115337

[400, 3, 0.5]:0118-115337
 =0.942424748262,0118-115339

[400, 4, 'auto']:0118-115339
 =0.93464958482,0118-115345

[400, 4, 0.5]:0118-115345
 =0.933504183812,0118-115349

best:[300, 2, 0.5] 0.953362534385
