0118-115121-GB
track1 train_course/24.csv test_course/24.csv output/course_24
col used:['enrollment_id', 'take_course_num', 'user_log_num', 'log_num', 'server_nagivate', 'server_access', 'server_problem', 'browser_access', 'browser_problem', 'browser_page_close', 'browser_video', 'server_discussion', 'server_wiki', 'day_diff', 'valid_vlogcnt', 'log_day_1', 'log_day_2', 'log_day_3', 'log_day_4', 'log_day_5', 'first_access', 'last_access', 'course_access_diff', 'video_obj', 'problem_obj', 'discussion_obj', 'take_course_num_1', 'longest_offline', 'longest_online']
-----------
load trainingX with shape = (930, 27)
load testingX with shape = (255, 27)
-----------
[300, 2, 'auto']:0118-115121
 =0.976227919834,0118-115122

[300, 2, 0.5]:0118-115122
 =0.976752617271,0118-115123

[300, 3, 'auto']:0118-115123
 =0.966478314357,0118-115125

[300, 3, 0.5]:0118-115125
 =0.967085243756,0118-115126

[300, 4, 'auto']:0118-115126
 =0.964532476632,0118-115129

[300, 4, 0.5]:0118-115129
 =0.964214827402,0118-115130

[400, 2, 'auto']:0118-115130
 =0.976144341826,0118-115132

[400, 2, 0.5]:0118-115132
 =0.974206537227,0118-115133

[400, 3, 'auto']:0118-115133
 =0.965597662212,0118-115135

[400, 3, 0.5]:0118-115135
 =0.963231277619,0118-115136

[400, 4, 'auto']:0118-115136
 =0.963384185105,0118-115140

[400, 4, 0.5]:0118-115140
 =0.961678864379,0118-115141

best:[300, 2, 0.5] 0.976752617271
