0117-021056-GB
track1 train_cluster_3.csv test_cluster_3.csv cluster5_once_3
col used:['ID', 'take_course_num', 'user_log_num', 'course_log_num', 'take_user_num', 'log_num', 'server_nagivate', 'server_access', 'server_problem', 'browser_access', 'browser_problem', 'browser_page_close', 'browser_video', 'server_discussion', 'server_wiki', 'day-diff', 'valid-vlogcnt', 'log_day_1', 'log_day_2', 'log_day_3', 'log_day_4', 'log_day_5', 'first_access', 'last_access', 'course_start_time', 'course_access_diff', 'video_obj', 'problem_obj', 'discussion_obj', 'take_course_num', 'longest_offline', 'longest_online']
-----------
load trainingX with shape = (15700, 30)
load testingX with shape = (6961, 30)
-----------
[300, 2, 0.5]:0117-021056
GradientBoostingClassifier(init=None, learning_rate=0.1, loss=deviance,
              max_depth=2, max_features=0.5, min_samples_leaf=1,
              min_samples_split=2, n_estimators=300, random_state=1126,
              subsample=1.0, verbose=0)
 =0.96920269178,0117-021114

[300, 2, 'auto']:0117-021114
GradientBoostingClassifier(init=None, learning_rate=0.1, loss=deviance,
              max_depth=2, max_features=auto, min_samples_leaf=1,
              min_samples_split=2, n_estimators=300, random_state=1126,
              subsample=1.0, verbose=0)
 =0.96900640677,0117-021149

[300, 3, 0.5]:0117-021149
GradientBoostingClassifier(init=None, learning_rate=0.1, loss=deviance,
              max_depth=3, max_features=0.5, min_samples_leaf=1,
              min_samples_split=2, n_estimators=300, random_state=1126,
              subsample=1.0, verbose=0)
 =0.968820032213,0117-021215

[300, 3, 'auto']:0117-021215
GradientBoostingClassifier(init=None, learning_rate=0.1, loss=deviance,
              max_depth=3, max_features=auto, min_samples_leaf=1,
              min_samples_split=2, n_estimators=300, random_state=1126,
              subsample=1.0, verbose=0)
 =0.969134910943,0117-021305

[300, 4, 0.5]:0117-021305
GradientBoostingClassifier(init=None, learning_rate=0.1, loss=deviance,
              max_depth=4, max_features=0.5, min_samples_leaf=1,
              min_samples_split=2, n_estimators=300, random_state=1126,
              subsample=1.0, verbose=0)
 =0.968284792966,0117-021339

[300, 4, 'auto']:0117-021339
GradientBoostingClassifier(init=None, learning_rate=0.1, loss=deviance,
              max_depth=4, max_features=auto, min_samples_leaf=1,
              min_samples_split=2, n_estimators=300, random_state=1126,
              subsample=1.0, verbose=0)
 =0.968599527987,0117-021445

[400, 2, 0.5]:0117-021445
GradientBoostingClassifier(init=None, learning_rate=0.1, loss=deviance,
              max_depth=2, max_features=0.5, min_samples_leaf=1,
              min_samples_split=2, n_estimators=400, random_state=1126,
              subsample=1.0, verbose=0)
 =0.969091072438,0117-021509

[400, 2, 'auto']:0117-021509
GradientBoostingClassifier(init=None, learning_rate=0.1, loss=deviance,
              max_depth=2, max_features=auto, min_samples_leaf=1,
              min_samples_split=2, n_estimators=400, random_state=1126,
              subsample=1.0, verbose=0)
 =0.968981960996,0117-021556

[400, 3, 0.5]:0117-021556
GradientBoostingClassifier(init=None, learning_rate=0.1, loss=deviance,
              max_depth=3, max_features=0.5, min_samples_leaf=1,
              min_samples_split=2, n_estimators=400, random_state=1126,
              subsample=1.0, verbose=0)
 =0.96866557083,0117-021632

[400, 3, 'auto']:0117-021632
GradientBoostingClassifier(init=None, learning_rate=0.1, loss=deviance,
              max_depth=3, max_features=auto, min_samples_leaf=1,
              min_samples_split=2, n_estimators=400, random_state=1126,
              subsample=1.0, verbose=0)
 =0.968918336361,0117-021739

[400, 4, 0.5]:0117-021739
GradientBoostingClassifier(init=None, learning_rate=0.1, loss=deviance,
              max_depth=4, max_features=0.5, min_samples_leaf=1,
              min_samples_split=2, n_estimators=400, random_state=1126,
              subsample=1.0, verbose=0)
 =0.967906531606,0117-021824

[400, 4, 'auto']:0117-021824
GradientBoostingClassifier(init=None, learning_rate=0.1, loss=deviance,
              max_depth=4, max_features=auto, min_samples_leaf=1,
              min_samples_split=2, n_estimators=400, random_state=1126,
              subsample=1.0, verbose=0)
 =0.967401479131,0117-021952

[500, 2, 0.5]:0117-021952
GradientBoostingClassifier(init=None, learning_rate=0.1, loss=deviance,
              max_depth=2, max_features=0.5, min_samples_leaf=1,
              min_samples_split=2, n_estimators=500, random_state=1126,
              subsample=1.0, verbose=0)
 =0.969124984986,0117-022022

[500, 2, 'auto']:0117-022022
GradientBoostingClassifier(init=None, learning_rate=0.1, loss=deviance,
              max_depth=2, max_features=auto, min_samples_leaf=1,
              min_samples_split=2, n_estimators=500, random_state=1126,
              subsample=1.0, verbose=0)
 =0.968868332642,0117-022120

[500, 3, 0.5]:0117-022120
GradientBoostingClassifier(init=None, learning_rate=0.1, loss=deviance,
              max_depth=3, max_features=0.5, min_samples_leaf=1,
              min_samples_split=2, n_estimators=500, random_state=1126,
              subsample=1.0, verbose=0)
 =0.968380859854,0117-022205

[500, 3, 'auto']:0117-022205
GradientBoostingClassifier(init=None, learning_rate=0.1, loss=deviance,
              max_depth=3, max_features=auto, min_samples_leaf=1,
              min_samples_split=2, n_estimators=500, random_state=1126,
              subsample=1.0, verbose=0)
 =0.968632588131,0117-022333

[500, 4, 0.5]:0117-022333
GradientBoostingClassifier(init=None, learning_rate=0.1, loss=deviance,
              max_depth=4, max_features=0.5, min_samples_leaf=1,
              min_samples_split=2, n_estimators=500, random_state=1126,
              subsample=1.0, verbose=0)
 =0.967945045584,0117-022429

[500, 4, 'auto']:0117-022429
GradientBoostingClassifier(init=None, learning_rate=0.1, loss=deviance,
              max_depth=4, max_features=auto, min_samples_leaf=1,
              min_samples_split=2, n_estimators=500, random_state=1126,
              subsample=1.0, verbose=0)
 =0.96635604339,0117-022542

best:[300, 2, 0.5] 0.96920269178
[ 0.05258057  0.04818266  0.06636639  0.10213005  0.01100297  0.05137321
  0.04209887  0.03363158  0.00996833  0.05274746  0.01723083  0.01387162
  0.02222023  0.05007941  0.00855302  0.00674102  0.00186804  0.04058808
  0.0254237   0.00554251  0.05831463  0.03619434  0.0010069   0.13666618
  0.01727071  0.02331488  0.          0.03571667  0.01659866  0.0127165 ]
