0117-053429-GB
track2 train_course/3.csv test_course/3.csv output/course_3
col used:['enrollment_id', 'take_course_num', 'user_log_num', 'log_num', 'server_nagivate', 'server_access', 'server_problem', 'browser_access', 'browser_problem', 'browser_page_close', 'browser_video', 'server_discussion', 'server_wiki', 'day_diff', 'valid_vlogcnt', 'log_day_1', 'log_day_2', 'log_day_3', 'log_day_4', 'log_day_5', 'first_access', 'last_access', 'course_access_diff', 'video_obj', 'problem_obj', 'discussion_obj', 'take_course_num_1', 'longest_offline', 'longest_online']
-----------
load trainingX with shape = (1793, 27)
load testingX with shape = (414, 27)
-----------
[300, 2, 'auto']:0117-053429
 =0.825432221721,0117-053431

[300, 2, 0.5]:0117-053431
 =0.822075597952,0117-053432

[300, 3, 'auto']:0117-053432
 =0.81984874185,0117-053435

[300, 3, 0.5]:0117-053435
 =0.813155724312,0117-053437

[300, 4, 'auto']:0117-053437
 =0.818742316491,0117-053441

[300, 4, 0.5]:0117-053441
 =0.814279267363,0117-053443

[400, 2, 'auto']:0117-053443
 =0.822083378721,0117-053446

[400, 2, 0.5]:0117-053446
 =0.816501455004,0117-053448

[400, 3, 'auto']:0117-053448
 =0.81984874185,0117-053452

[400, 3, 0.5]:0117-053452
 =0.808697343645,0117-053454

[400, 4, 'auto']:0117-053454
 =0.819862747234,0117-053459

[400, 4, 0.5]:0117-053459
 =0.814277711209,0117-053502

best:[300, 2, 'auto'] 0.825432221721
