0117-054039-GB
track2 train_course/32.csv test_course/32.csv output/course_32
col used:['enrollment_id', 'take_course_num', 'user_log_num', 'log_num', 'server_nagivate', 'server_access', 'server_problem', 'browser_access', 'browser_problem', 'browser_page_close', 'browser_video', 'server_discussion', 'server_wiki', 'day_diff', 'valid_vlogcnt', 'log_day_1', 'log_day_2', 'log_day_3', 'log_day_4', 'log_day_5', 'first_access', 'last_access', 'course_access_diff', 'video_obj', 'problem_obj', 'discussion_obj', 'take_course_num_1', 'longest_offline', 'longest_online']
-----------
load trainingX with shape = (616, 27)
load testingX with shape = (153, 27)
-----------
[300, 2, 'auto']:0117-054039
 =0.905874639392,0117-054040

[300, 2, 0.5]:0117-054040
 =0.915617623918,0117-054041

[300, 3, 'auto']:0117-054041
 =0.910752688172,0117-054042

[300, 3, 0.5]:0117-054042
 =0.918869656438,0117-054043

[300, 4, 'auto']:0117-054043
 =0.907487542617,0117-054044

[300, 4, 0.5]:0117-054044
 =0.912365591398,0117-054045

[400, 2, 'auto']:0117-054045
 =0.905874639392,0117-054046

[400, 2, 0.5]:0117-054046
 =0.910752688172,0117-054047

[400, 3, 'auto']:0117-054047
 =0.909126671912,0117-054048

[400, 3, 0.5]:0117-054048
 =0.917256753213,0117-054049

[400, 4, 'auto']:0117-054049
 =0.909113558878,0117-054051

[400, 4, 0.5]:0117-054051
 =0.913978494624,0117-054052

best:[300, 3, 0.5] 0.918869656438
