0117-054853-GB
track2 train_course/17.csv test_course/17.csv output/course_17
col used:['enrollment_id', 'take_course_num', 'user_log_num', 'log_num', 'server_nagivate', 'server_access', 'server_problem', 'browser_access', 'browser_problem', 'browser_page_close', 'browser_video', 'server_discussion', 'server_wiki', 'day_diff', 'valid_vlogcnt', 'log_day_1', 'log_day_2', 'log_day_3', 'log_day_4', 'log_day_5', 'first_access', 'last_access', 'course_access_diff', 'video_obj', 'problem_obj', 'discussion_obj', 'take_course_num_1', 'longest_offline', 'longest_online']
-----------
load trainingX with shape = (6610, 27)
load testingX with shape = (1613, 27)
-----------
[300, 2, 'auto']:0117-054853
 =0.844175491679,0117-054902

[300, 2, 0.5]:0117-054902
 =0.847201210287,0117-054907

[300, 3, 'auto']:0117-054907
 =0.841754916793,0117-054922

[300, 3, 0.5]:0117-054922
 =0.844175491679,0117-054929

[300, 4, 'auto']:0117-054929
 =0.838426626324,0117-054948

[300, 4, 0.5]:0117-054948
 =0.841603630862,0117-054958

[400, 2, 'auto']:0117-054958
 =0.844780635401,0117-055011

[400, 2, 0.5]:0117-055011
 =0.84447806354,0117-055017

[400, 3, 'auto']:0117-055017
 =0.842208774584,0117-055036

[400, 3, 0.5]:0117-055036
 =0.843872919818,0117-055045

[400, 4, 'auto']:0117-055045
 =0.836762481089,0117-055109

[400, 4, 0.5]:0117-055109
 =0.83721633888,0117-055121

best:[300, 2, 0.5] 0.847201210287
