0117-054218-GB
track2 train_course/12.csv test_course/12.csv output/course_12
col used:['enrollment_id', 'take_course_num', 'user_log_num', 'log_num', 'server_nagivate', 'server_access', 'server_problem', 'browser_access', 'browser_problem', 'browser_page_close', 'browser_video', 'server_discussion', 'server_wiki', 'day_diff', 'valid_vlogcnt', 'log_day_1', 'log_day_2', 'log_day_3', 'log_day_4', 'log_day_5', 'first_access', 'last_access', 'course_access_diff', 'video_obj', 'problem_obj', 'discussion_obj', 'take_course_num_1', 'longest_offline', 'longest_online']
-----------
load trainingX with shape = (6247, 27)
load testingX with shape = (1528, 27)
-----------
[300, 2, 'auto']:0117-054218
 =0.898354139311,0117-054225

[300, 2, 0.5]:0117-054225
 =0.899314779824,0117-054229

[300, 3, 'auto']:0117-054229
 =0.897872986389,0117-054240

[300, 3, 0.5]:0117-054240
 =0.897072473979,0117-054245

[300, 4, 'auto']:0117-054245
 =0.894031449159,0117-054259

[300, 4, 0.5]:0117-054259
 =0.894190680544,0117-054307

[400, 2, 'auto']:0117-054307
 =0.897393626902,0117-054317

[400, 2, 0.5]:0117-054317
 =0.899315036029,0117-054322

[400, 3, 'auto']:0117-054322
 =0.894991961569,0117-054336

[400, 3, 0.5]:0117-054336
 =0.896592345877,0117-054343

[400, 4, 'auto']:0117-054343
 =0.894192217774,0117-054402

[400, 4, 0.5]:0117-054402
 =0.894830808647,0117-054411

best:[400, 2, 0.5] 0.899315036029
