0117-053316-GB
track2 train_course/1.csv test_course/1.csv output/course_1
col used:['enrollment_id', 'take_course_num', 'user_log_num', 'log_num', 'server_nagivate', 'server_access', 'server_problem', 'browser_access', 'browser_problem', 'browser_page_close', 'browser_video', 'server_discussion', 'server_wiki', 'day_diff', 'valid_vlogcnt', 'log_day_1', 'log_day_2', 'log_day_3', 'log_day_4', 'log_day_5', 'first_access', 'last_access', 'course_access_diff', 'video_obj', 'problem_obj', 'discussion_obj', 'take_course_num_1', 'longest_offline', 'longest_online']
-----------
load trainingX with shape = (1922, 27)
load testingX with shape = (470, 27)
-----------
[300, 2, 'auto']:0117-053316
 =0.85795995671,0117-053319

[300, 2, 0.5]:0117-053319
 =0.863682359307,0117-053320

[300, 3, 'auto']:0117-053320
 =0.853277867965,0117-053324

[300, 3, 0.5]:0117-053324
 =0.855875270563,0117-053326

[300, 4, 'auto']:0117-053326
 =0.850676406926,0117-053332

[300, 4, 0.5]:0117-053332
 =0.858997564935,0117-053335

[400, 2, 'auto']:0117-053335
 =0.857961309524,0117-053338

[400, 2, 0.5]:0117-053338
 =0.861603084416,0117-053340

[400, 3, 'auto']:0117-053340
 =0.847030573593,0117-053345

[400, 3, 0.5]:0117-053345
 =0.852754329004,0117-053347

[400, 4, 'auto']:0117-053347
 =0.85119724026,0117-053353

[400, 4, 0.5]:0117-053353
 =0.855351731602,0117-053357

best:[300, 2, 0.5] 0.863682359307
