0117-054831-GB
track2 train_course/16.csv test_course/16.csv output/course_16
col used:['enrollment_id', 'take_course_num', 'user_log_num', 'log_num', 'server_nagivate', 'server_access', 'server_problem', 'browser_access', 'browser_problem', 'browser_page_close', 'browser_video', 'server_discussion', 'server_wiki', 'day_diff', 'valid_vlogcnt', 'log_day_1', 'log_day_2', 'log_day_3', 'log_day_4', 'log_day_5', 'first_access', 'last_access', 'course_access_diff', 'video_obj', 'problem_obj', 'discussion_obj', 'take_course_num_1', 'longest_offline', 'longest_online']
-----------
load trainingX with shape = (943, 27)
load testingX with shape = (244, 27)
-----------
[300, 2, 'auto']:0117-054831
 =0.838781943037,0117-054833

[300, 2, 0.5]:0117-054833
 =0.83771811325,0117-054833

[300, 3, 'auto']:0117-054833
 =0.844078577057,0117-054835

[300, 3, 0.5]:0117-054835
 =0.845131149386,0117-054836

[300, 4, 'auto']:0117-054836
 =0.838804457953,0117-054839

[300, 4, 0.5]:0117-054839
 =0.844095463244,0117-054840

[400, 2, 'auto']:0117-054840
 =0.835601711134,0117-054842

[400, 2, 0.5]:0117-054842
 =0.837712484521,0117-054843

[400, 3, 'auto']:0117-054843
 =0.839834515366,0117-054845

[400, 3, 0.5]:0117-054845
 =0.839828886637,0117-054846

[400, 4, 'auto']:0117-054846
 =0.835618597321,0117-054850

[400, 4, 0.5]:0117-054850
 =0.84196780367,0117-054851

best:[300, 3, 0.5] 0.845131149386
