0117-054124-GB
track2 train_course/10.csv test_course/10.csv output/course_10
col used:['enrollment_id', 'take_course_num', 'user_log_num', 'log_num', 'server_nagivate', 'server_access', 'server_problem', 'browser_access', 'browser_problem', 'browser_page_close', 'browser_video', 'server_discussion', 'server_wiki', 'day_diff', 'valid_vlogcnt', 'log_day_1', 'log_day_2', 'log_day_3', 'log_day_4', 'log_day_5', 'first_access', 'last_access', 'course_access_diff', 'video_obj', 'problem_obj', 'discussion_obj', 'take_course_num_1', 'longest_offline', 'longest_online']
-----------
load trainingX with shape = (1157, 27)
load testingX with shape = (314, 27)
-----------
[300, 2, 'auto']:0117-054124
 =0.926526347216,0117-054126

[300, 2, 0.5]:0117-054126
 =0.928254217047,0117-054126

[300, 3, 'auto']:0117-054126
 =0.921342737722,0117-054128

[300, 3, 0.5]:0117-054128
 =0.921339005822,0117-054129

[300, 4, 'auto']:0117-054129
 =0.922197342887,0117-054131

[300, 4, 0.5]:0117-054131
 =0.924809673086,0117-054132

[400, 2, 'auto']:0117-054132
 =0.928250485147,0117-054134

[400, 2, 0.5]:0117-054134
 =0.924791013584,0117-054135

[400, 3, 'auto']:0117-054135
 =0.921335273921,0117-054137

[400, 3, 0.5]:0117-054137
 =0.922204806688,0117-054138

[400, 4, 'auto']:0117-054138
 =0.923063143753,0117-054141

[400, 4, 0.5]:0117-054141
 =0.924802209285,0117-054142

best:[300, 2, 0.5] 0.928254217047
