0117-053352-GB
track2 train_course/21.csv test_course/21.csv output/course_21
col used:['enrollment_id', 'take_course_num', 'user_log_num', 'log_num', 'server_nagivate', 'server_access', 'server_problem', 'browser_access', 'browser_problem', 'browser_page_close', 'browser_video', 'server_discussion', 'server_wiki', 'day_diff', 'valid_vlogcnt', 'log_day_1', 'log_day_2', 'log_day_3', 'log_day_4', 'log_day_5', 'first_access', 'last_access', 'course_access_diff', 'video_obj', 'problem_obj', 'discussion_obj', 'take_course_num_1', 'longest_offline', 'longest_online']
-----------
load trainingX with shape = (2381, 27)
load testingX with shape = (624, 27)
-----------
[300, 2, 'auto']:0117-053352
 =0.888283741169,0117-053355

[300, 2, 0.5]:0117-053355
 =0.885342564699,0117-053357

[300, 3, 'auto']:0117-053357
 =0.879883022391,0117-053400

[300, 3, 0.5]:0117-053400
 =0.879041805401,0117-053402

[300, 4, 'auto']:0117-053402
 =0.879882141536,0117-053407

[300, 4, 0.5]:0117-053407
 =0.879883903247,0117-053410

[400, 2, 'auto']:0117-053410
 =0.886182900833,0117-053414

[400, 2, 0.5]:0117-053414
 =0.884919754065,0117-053415

[400, 3, 'auto']:0117-053415
 =0.876938322499,0117-053420

[400, 3, 0.5]:0117-053420
 =0.880303190459,0117-053423

[400, 4, 'auto']:0117-053423
 =0.877783062911,0117-053429

[400, 4, 0.5]:0117-053429
 =0.881562813805,0117-053433

best:[300, 2, 'auto'] 0.888283741169
