0117-053958-GB
track2 train_course/8.csv test_course/8.csv output/course_8
col used:['enrollment_id', 'take_course_num', 'user_log_num', 'log_num', 'server_nagivate', 'server_access', 'server_problem', 'browser_access', 'browser_problem', 'browser_page_close', 'browser_video', 'server_discussion', 'server_wiki', 'day_diff', 'valid_vlogcnt', 'log_day_1', 'log_day_2', 'log_day_3', 'log_day_4', 'log_day_5', 'first_access', 'last_access', 'course_access_diff', 'video_obj', 'problem_obj', 'discussion_obj', 'take_course_num_1', 'longest_offline', 'longest_online']
-----------
load trainingX with shape = (3463, 27)
load testingX with shape = (844, 27)
-----------
[300, 2, 'auto']:0117-053958
 =0.836841995513,0117-054002

[300, 2, 0.5]:0117-054002
 =0.83337712384,0117-054004

[300, 3, 'auto']:0117-054004
 =0.829912252167,0117-054010

[300, 3, 0.5]:0117-054010
 =0.833376706787,0117-054013

[300, 4, 'auto']:0117-054013
 =0.821250907089,0117-054021

[300, 4, 0.5]:0117-054021
 =0.831354002452,0117-054025

[400, 2, 'auto']:0117-054025
 =0.833087272394,0117-054030

[400, 2, 0.5]:0117-054030
 =0.833953490312,0117-054033

[400, 3, 'auto']:0117-054033
 =0.82731151315,0117-054041

[400, 3, 0.5]:0117-054041
 =0.829046034248,0117-054045

[400, 4, 'auto']:0117-054045
 =0.823272777319,0117-054054

[400, 4, 0.5]:0117-054054
 =0.828467999566,0117-054100

best:[300, 2, 'auto'] 0.836841995513
