0117-054754-GB
track2 train_course/15.csv test_course/15.csv output/course_15
col used:['enrollment_id', 'take_course_num', 'user_log_num', 'log_num', 'server_nagivate', 'server_access', 'server_problem', 'browser_access', 'browser_problem', 'browser_page_close', 'browser_video', 'server_discussion', 'server_wiki', 'day_diff', 'valid_vlogcnt', 'log_day_1', 'log_day_2', 'log_day_3', 'log_day_4', 'log_day_5', 'first_access', 'last_access', 'course_access_diff', 'video_obj', 'problem_obj', 'discussion_obj', 'take_course_num_1', 'longest_offline', 'longest_online']
-----------
load trainingX with shape = (1634, 27)
load testingX with shape = (421, 27)
-----------
[300, 2, 'auto']:0117-054754
 =0.876375677755,0117-054757

[300, 2, 0.5]:0117-054757
 =0.872101836739,0117-054758

[300, 3, 'auto']:0117-054758
 =0.865372131855,0117-054801

[300, 3, 0.5]:0117-054801
 =0.866597249583,0117-054803

[300, 4, 'auto']:0117-054803
 =0.861702407084,0117-054807

[300, 4, 0.5]:0117-054807
 =0.869662858108,0117-054809

[400, 2, 'auto']:0117-054809
 =0.873319449917,0117-054812

[400, 2, 0.5]:0117-054812
 =0.869041856626,0117-054814

[400, 3, 'auto']:0117-054814
 =0.861700530947,0117-054818

[400, 3, 0.5]:0117-054818
 =0.86476051106,0117-054820

[400, 4, 'auto']:0117-054820
 =0.865987504925,0117-054826

[400, 4, 0.5]:0117-054826
 =0.86966098197,0117-054829

best:[300, 2, 'auto'] 0.876375677755
