0117-053748-GB
track2 train_course/26.csv test_course/26.csv output/course_26
col used:['enrollment_id', 'take_course_num', 'user_log_num', 'log_num', 'server_nagivate', 'server_access', 'server_problem', 'browser_access', 'browser_problem', 'browser_page_close', 'browser_video', 'server_discussion', 'server_wiki', 'day_diff', 'valid_vlogcnt', 'log_day_1', 'log_day_2', 'log_day_3', 'log_day_4', 'log_day_5', 'first_access', 'last_access', 'course_access_diff', 'video_obj', 'problem_obj', 'discussion_obj', 'take_course_num_1', 'longest_offline', 'longest_online']
-----------
load trainingX with shape = (509, 27)
load testingX with shape = (136, 27)
-----------
[300, 2, 'auto']:0117-053748
 =0.913550766841,0117-053749

[300, 2, 0.5]:0117-053749
 =0.911589982528,0117-053749

[300, 3, 'auto']:0117-053749
 =0.911570568822,0117-053750

[300, 3, 0.5]:0117-053750
 =0.907649000194,0117-053751

[300, 4, 'auto']:0117-053751
 =0.915550378567,0117-053752

[300, 4, 0.5]:0117-053752
 =0.909609784508,0117-053753

[400, 2, 'auto']:0117-053753
 =0.911589982528,0117-053753

[400, 2, 0.5]:0117-053753
 =0.909629198214,0117-053754

[400, 3, 'auto']:0117-053754
 =0.913570180547,0117-053755

[400, 3, 0.5]:0117-053755
 =0.907649000194,0117-053756

[400, 4, 'auto']:0117-053756
 =0.911589982528,0117-053758

[400, 4, 0.5]:0117-053758
 =0.909609784508,0117-053759

best:[300, 4, 'auto'] 0.915550378567
