0117-054144-GB
track2 train_course/35.csv test_course/35.csv output/course_35
col used:['enrollment_id', 'take_course_num', 'user_log_num', 'log_num', 'server_nagivate', 'server_access', 'server_problem', 'browser_access', 'browser_problem', 'browser_page_close', 'browser_video', 'server_discussion', 'server_wiki', 'day_diff', 'valid_vlogcnt', 'log_day_1', 'log_day_2', 'log_day_3', 'log_day_4', 'log_day_5', 'first_access', 'last_access', 'course_access_diff', 'video_obj', 'problem_obj', 'discussion_obj', 'take_course_num_1', 'longest_offline', 'longest_online']
-----------
load trainingX with shape = (1117, 27)
load testingX with shape = (285, 27)
-----------
[300, 2, 'auto']:0117-054144
 =0.883608263933,0117-054145

[300, 2, 0.5]:0117-054145
 =0.892564862268,0117-054146

[300, 3, 'auto']:0117-054146
 =0.882687379885,0117-054148

[300, 3, 0.5]:0117-054148
 =0.88450512492,0117-054149

[300, 4, 'auto']:0117-054149
 =0.879107943626,0117-054151

[300, 4, 0.5]:0117-054151
 =0.890771140295,0117-054153

[400, 2, 'auto']:0117-054153
 =0.877350256246,0117-054154

[400, 2, 0.5]:0117-054154
 =0.886298846893,0117-054155

[400, 3, 'auto']:0117-054155
 =0.880000800769,0117-054157

[400, 3, 0.5]:0117-054157
 =0.886302850737,0117-054159

[400, 4, 'auto']:0117-054159
 =0.883596252402,0117-054202

[400, 4, 0.5]:0117-054202
 =0.886294843049,0117-054203

best:[300, 2, 0.5] 0.892564862268
