0117-053550-GB
track2 train_course/5.csv test_course/5.csv output/course_5
col used:['enrollment_id', 'take_course_num', 'user_log_num', 'log_num', 'server_nagivate', 'server_access', 'server_problem', 'browser_access', 'browser_problem', 'browser_page_close', 'browser_video', 'server_discussion', 'server_wiki', 'day_diff', 'valid_vlogcnt', 'log_day_1', 'log_day_2', 'log_day_3', 'log_day_4', 'log_day_5', 'first_access', 'last_access', 'course_access_diff', 'video_obj', 'problem_obj', 'discussion_obj', 'take_course_num_1', 'longest_offline', 'longest_online']
-----------
load trainingX with shape = (719, 27)
load testingX with shape = (179, 27)
-----------
[300, 2, 'auto']:0117-053550
 =0.902602952603,0117-053551

[300, 2, 0.5]:0117-053551
 =0.897047397047,0117-053551

[300, 3, 'auto']:0117-053551
 =0.89425019425,0117-053553

[300, 3, 0.5]:0117-053553
 =0.899815462315,0117-053553

[300, 4, 'auto']:0117-053553
 =0.897027972028,0117-053555

[300, 4, 0.5]:0117-053555
 =0.902602952603,0117-053556

[400, 2, 'auto']:0117-053556
 =0.89425990676,0117-053557

[400, 2, 0.5]:0117-053557
 =0.89425990676,0117-053558

[400, 3, 'auto']:0117-053558
 =0.897037684538,0117-053559

[400, 3, 0.5]:0117-053559
 =0.895639083139,0117-053600

[400, 4, 'auto']:0117-053600
 =0.890073815074,0117-053602

[400, 4, 0.5]:0117-053602
 =0.904001554002,0117-053604

best:[400, 4, 0.5] 0.904001554002
