0117-054104-GB
track2 train_course/9.csv test_course/9.csv output/course_9
col used:['enrollment_id', 'take_course_num', 'user_log_num', 'log_num', 'server_nagivate', 'server_access', 'server_problem', 'browser_access', 'browser_problem', 'browser_page_close', 'browser_video', 'server_discussion', 'server_wiki', 'day_diff', 'valid_vlogcnt', 'log_day_1', 'log_day_2', 'log_day_3', 'log_day_4', 'log_day_5', 'first_access', 'last_access', 'course_access_diff', 'video_obj', 'problem_obj', 'discussion_obj', 'take_course_num_1', 'longest_offline', 'longest_online']
-----------
load trainingX with shape = (1010, 27)
load testingX with shape = (230, 27)
-----------
[300, 2, 'auto']:0117-054104
 =0.879207920792,0117-054105

[300, 2, 0.5]:0117-054105
 =0.870297029703,0117-054106

[300, 3, 'auto']:0117-054106
 =0.872277227723,0117-054108

[300, 3, 0.5]:0117-054108
 =0.869306930693,0117-054109

[300, 4, 'auto']:0117-054109
 =0.868316831683,0117-054111

[300, 4, 0.5]:0117-054111
 =0.873267326733,0117-054113

[400, 2, 'auto']:0117-054113
 =0.875247524752,0117-054114

[400, 2, 0.5]:0117-054114
 =0.872277227723,0117-054115

[400, 3, 'auto']:0117-054115
 =0.873267326733,0117-054117

[400, 3, 0.5]:0117-054117
 =0.867326732673,0117-054118

[400, 4, 'auto']:0117-054118
 =0.872277227723,0117-054121

[400, 4, 0.5]:0117-054121
 =0.869306930693,0117-054123

best:[300, 2, 'auto'] 0.879207920792
