0117-053605-GB
track2 train_course/6.csv test_course/6.csv output/course_6
col used:['enrollment_id', 'take_course_num', 'user_log_num', 'log_num', 'server_nagivate', 'server_access', 'server_problem', 'browser_access', 'browser_problem', 'browser_page_close', 'browser_video', 'server_discussion', 'server_wiki', 'day_diff', 'valid_vlogcnt', 'log_day_1', 'log_day_2', 'log_day_3', 'log_day_4', 'log_day_5', 'first_access', 'last_access', 'course_access_diff', 'video_obj', 'problem_obj', 'discussion_obj', 'take_course_num_1', 'longest_offline', 'longest_online']
-----------
load trainingX with shape = (1170, 27)
load testingX with shape = (311, 27)
-----------
[300, 2, 'auto']:0117-053605
 =0.869230769231,0117-053607

[300, 2, 0.5]:0117-053607
 =0.877777777778,0117-053608

[300, 3, 'auto']:0117-053608
 =0.859829059829,0117-053610

[300, 3, 0.5]:0117-053610
 =0.864102564103,0117-053611

[300, 4, 'auto']:0117-053611
 =0.857264957265,0117-053613

[300, 4, 0.5]:0117-053613
 =0.85641025641,0117-053615

[400, 2, 'auto']:0117-053615
 =0.867521367521,0117-053617

[400, 2, 0.5]:0117-053617
 =0.873504273504,0117-053618

[400, 3, 'auto']:0117-053618
 =0.857264957265,0117-053621

[400, 3, 0.5]:0117-053621
 =0.864102564103,0117-053622

[400, 4, 'auto']:0117-053622
 =0.852991452991,0117-053626

[400, 4, 0.5]:0117-053626
 =0.852136752137,0117-053627

best:[300, 2, 0.5] 0.877777777778
