0117-053505-GB
track2 train_course/4.csv test_course/4.csv output/course_4
col used:['enrollment_id', 'take_course_num', 'user_log_num', 'log_num', 'server_nagivate', 'server_access', 'server_problem', 'browser_access', 'browser_problem', 'browser_page_close', 'browser_video', 'server_discussion', 'server_wiki', 'day_diff', 'valid_vlogcnt', 'log_day_1', 'log_day_2', 'log_day_3', 'log_day_4', 'log_day_5', 'first_access', 'last_access', 'course_access_diff', 'video_obj', 'problem_obj', 'discussion_obj', 'take_course_num_1', 'longest_offline', 'longest_online']
-----------
load trainingX with shape = (2418, 27)
load testingX with shape = (574, 27)
-----------
[300, 2, 'auto']:0117-053505
 =0.898683332478,0117-053508

[300, 2, 0.5]:0117-053508
 =0.901993395274,0117-053509

[300, 3, 'auto']:0117-053509
 =0.896201427031,0117-053513

[300, 3, 0.5]:0117-053513
 =0.898270964872,0117-053515

[300, 4, 'auto']:0117-053515
 =0.896201427031,0117-053521

[300, 4, 0.5]:0117-053521
 =0.899508923224,0117-053524

[400, 2, 'auto']:0117-053524
 =0.899924712968,0117-053527

[400, 2, 0.5]:0117-053527
 =0.89703129545,0117-053529

[400, 3, 'auto']:0117-053529
 =0.894960046541,0117-053535

[400, 3, 0.5]:0117-053535
 =0.895376691819,0117-053537

[400, 4, 'auto']:0117-053537
 =0.894960046541,0117-053544

[400, 4, 0.5]:0117-053544
 =0.898682476943,0117-053548

best:[300, 2, 0.5] 0.901993395274
