0117-053436-GB
track2 train_course/22.csv test_course/22.csv output/course_22
col used:['enrollment_id', 'take_course_num', 'user_log_num', 'log_num', 'server_nagivate', 'server_access', 'server_problem', 'browser_access', 'browser_problem', 'browser_page_close', 'browser_video', 'server_discussion', 'server_wiki', 'day_diff', 'valid_vlogcnt', 'log_day_1', 'log_day_2', 'log_day_3', 'log_day_4', 'log_day_5', 'first_access', 'last_access', 'course_access_diff', 'video_obj', 'problem_obj', 'discussion_obj', 'take_course_num_1', 'longest_offline', 'longest_online']
-----------
load trainingX with shape = (821, 27)
load testingX with shape = (217, 27)
-----------
[300, 2, 'auto']:0117-053436
 =0.856260162602,0117-053437

[300, 2, 0.5]:0117-053437
 =0.850177383592,0117-053438

[300, 3, 'auto']:0117-053438
 =0.855040650407,0117-053439

[300, 3, 0.5]:0117-053439
 =0.855040650407,0117-053440

[300, 4, 'auto']:0117-053440
 =0.850169992609,0117-053442

[300, 4, 0.5]:0117-053442
 =0.856274944568,0117-053443

[400, 2, 'auto']:0117-053443
 =0.85504804139,0117-053444

[400, 2, 0.5]:0117-053444
 =0.850192165558,0117-053445

[400, 3, 'auto']:0117-053445
 =0.852609016999,0117-053447

[400, 3, 0.5]:0117-053447
 =0.857479674797,0117-053448

[400, 4, 'auto']:0117-053448
 =0.852609016999,0117-053451

[400, 4, 0.5]:0117-053451
 =0.853835920177,0117-053452

best:[400, 3, 0.5] 0.857479674797
