0117-053340-GB
track2 train_course/20.csv test_course/20.csv output/course_20
col used:['enrollment_id', 'take_course_num', 'user_log_num', 'log_num', 'server_nagivate', 'server_access', 'server_problem', 'browser_access', 'browser_problem', 'browser_page_close', 'browser_video', 'server_discussion', 'server_wiki', 'day_diff', 'valid_vlogcnt', 'log_day_1', 'log_day_2', 'log_day_3', 'log_day_4', 'log_day_5', 'first_access', 'last_access', 'course_access_diff', 'video_obj', 'problem_obj', 'discussion_obj', 'take_course_num_1', 'longest_offline', 'longest_online']
-----------
load trainingX with shape = (606, 27)
load testingX with shape = (155, 27)
-----------
[300, 2, 'auto']:0117-053340
 =0.894458745427,0117-053340

[300, 2, 0.5]:0117-053340
 =0.897764530551,0117-053341

[300, 3, 'auto']:0117-053341
 =0.891125863704,0117-053342

[300, 3, 0.5]:0117-053342
 =0.889472971142,0117-053343

[300, 4, 'auto']:0117-053343
 =0.884514293456,0117-053344

[300, 4, 0.5]:0117-053344
 =0.884541390056,0117-053345

[400, 2, 'auto']:0117-053345
 =0.891152960303,0117-053346

[400, 2, 0.5]:0117-053346
 =0.896111637989,0117-053347

[400, 3, 'auto']:0117-053347
 =0.889486519442,0117-053348

[400, 3, 0.5]:0117-053348
 =0.891112315404,0117-053349

[400, 4, 'auto']:0117-053349
 =0.886167186018,0117-053351

[400, 4, 0.5]:0117-053351
 =0.884527841756,0117-053352

best:[300, 2, 0.5] 0.897764530551
