0117-054419-GB
track2 train_course/39.csv test_course/39.csv output/course_39
col used:['enrollment_id', 'take_course_num', 'user_log_num', 'log_num', 'server_nagivate', 'server_access', 'server_problem', 'browser_access', 'browser_problem', 'browser_page_close', 'browser_video', 'server_discussion', 'server_wiki', 'day_diff', 'valid_vlogcnt', 'log_day_1', 'log_day_2', 'log_day_3', 'log_day_4', 'log_day_5', 'first_access', 'last_access', 'course_access_diff', 'video_obj', 'problem_obj', 'discussion_obj', 'take_course_num_1', 'longest_offline', 'longest_online']
-----------
load trainingX with shape = (3943, 27)
load testingX with shape = (953, 27)
-----------
[300, 2, 'auto']:0117-054419
 =0.903126427464,0117-054424

[300, 2, 0.5]:0117-054424
 =0.900842485187,0117-054426

[300, 3, 'auto']:0117-054426
 =0.896021436889,0117-054433

[300, 3, 0.5]:0117-054433
 =0.896783179891,0117-054437

[300, 4, 'auto']:0117-054437
 =0.895009425283,0117-054446

[300, 4, 0.5]:0117-054446
 =0.898304735803,0117-054450

[400, 2, 'auto']:0117-054450
 =0.900083315641,0117-054456

[400, 2, 0.5]:0117-054456
 =0.899321250957,0117-054459

[400, 3, 'auto']:0117-054459
 =0.894754974812,0117-054508

[400, 3, 0.5]:0117-054508
 =0.897037630362,0117-054513

[400, 4, 'auto']:0117-054513
 =0.89374038975,0117-054524

[400, 4, 0.5]:0117-054524
 =0.896529694466,0117-054530

best:[300, 2, 'auto'] 0.903126427464
