0117-053648-GB
track2 train_course/25.csv test_course/25.csv output/course_25
col used:['enrollment_id', 'take_course_num', 'user_log_num', 'log_num', 'server_nagivate', 'server_access', 'server_problem', 'browser_access', 'browser_problem', 'browser_page_close', 'browser_video', 'server_discussion', 'server_wiki', 'day_diff', 'valid_vlogcnt', 'log_day_1', 'log_day_2', 'log_day_3', 'log_day_4', 'log_day_5', 'first_access', 'last_access', 'course_access_diff', 'video_obj', 'problem_obj', 'discussion_obj', 'take_course_num_1', 'longest_offline', 'longest_online']
-----------
load trainingX with shape = (3194, 27)
load testingX with shape = (816, 27)
-----------
[300, 2, 'auto']:0117-053648
 =0.886040099882,0117-053652

[300, 2, 0.5]:0117-053652
 =0.889169499757,0117-053654

[300, 3, 'auto']:0117-053654
 =0.886981029332,0117-053659

[300, 3, 0.5]:0117-053659
 =0.889485432273,0117-053702

[300, 4, 'auto']:0117-053702
 =0.887920977625,0117-053709

[300, 4, 0.5]:0117-053709
 =0.882596239226,0117-053712

[400, 2, 'auto']:0117-053712
 =0.887605045109,0117-053717

[400, 2, 0.5]:0117-053717
 =0.887606026266,0117-053720

[400, 3, 'auto']:0117-053720
 =0.884789615436,0117-053727

[400, 3, 0.5]:0117-053727
 =0.886667059129,0117-053731

[400, 4, 'auto']:0117-053731
 =0.884790106014,0117-053740

[400, 4, 0.5]:0117-053740
 =0.883221726738,0117-053745

best:[300, 3, 0.5] 0.889485432273
