0117-054143-GB
track2 train_course/11.csv test_course/11.csv output/course_11
col used:['enrollment_id', 'take_course_num', 'user_log_num', 'log_num', 'server_nagivate', 'server_access', 'server_problem', 'browser_access', 'browser_problem', 'browser_page_close', 'browser_video', 'server_discussion', 'server_wiki', 'day_diff', 'valid_vlogcnt', 'log_day_1', 'log_day_2', 'log_day_3', 'log_day_4', 'log_day_5', 'first_access', 'last_access', 'course_access_diff', 'video_obj', 'problem_obj', 'discussion_obj', 'take_course_num_1', 'longest_offline', 'longest_online']
-----------
load trainingX with shape = (1834, 27)
load testingX with shape = (435, 27)
-----------
[300, 2, 'auto']:0117-054143
 =0.853327079704,0117-054146

[300, 2, 0.5]:0117-054146
 =0.856599812391,0117-054147

[300, 3, 'auto']:0117-054147
 =0.851681779604,0117-054150

[300, 3, 0.5]:0117-054150
 =0.853325590745,0117-054152

[300, 4, 'auto']:0117-054152
 =0.851141287354,0117-054155

[300, 4, 0.5]:0117-054155
 =0.853321123867,0117-054157

[400, 2, 'auto']:0117-054157
 =0.853325590745,0117-054200

[400, 2, 0.5]:0117-054200
 =0.856053364304,0117-054202

[400, 3, 'auto']:0117-054202
 =0.848412024836,0117-054206

[400, 3, 0.5]:0117-054206
 =0.855500960379,0117-054208

[400, 4, 'auto']:0117-054208
 =0.846235166242,0117-054213

[400, 4, 0.5]:0117-054213
 =0.855499471419,0117-054216

best:[300, 2, 0.5] 0.856599812391
