0117-053358-GB
track2 train_course/2.csv test_course/2.csv output/course_2
col used:['enrollment_id', 'take_course_num', 'user_log_num', 'log_num', 'server_nagivate', 'server_access', 'server_problem', 'browser_access', 'browser_problem', 'browser_page_close', 'browser_video', 'server_discussion', 'server_wiki', 'day_diff', 'valid_vlogcnt', 'log_day_1', 'log_day_2', 'log_day_3', 'log_day_4', 'log_day_5', 'first_access', 'last_access', 'course_access_diff', 'video_obj', 'problem_obj', 'discussion_obj', 'take_course_num_1', 'longest_offline', 'longest_online']
-----------
load trainingX with shape = (1596, 27)
load testingX with shape = (412, 27)
-----------
[300, 2, 'auto']:0117-053358
 =0.898518808777,0117-053400

[300, 2, 0.5]:0117-053400
 =0.896630094044,0117-053401

[300, 3, 'auto']:0117-053401
 =0.893503134796,0117-053404

[300, 3, 0.5]:0117-053404
 =0.896005094044,0117-053405

[300, 4, 'auto']:0117-053405
 =0.889112460815,0117-053409

[300, 4, 0.5]:0117-053409
 =0.893499216301,0117-053411

[400, 2, 'auto']:0117-053411
 =0.894132053292,0117-053413

[400, 2, 0.5]:0117-053413
 =0.894751175549,0117-053414

[400, 3, 'auto']:0117-053414
 =0.892878134796,0117-053418

[400, 3, 0.5]:0117-053418
 =0.895376175549,0117-053419

[400, 4, 'auto']:0117-053419
 =0.889735501567,0117-053424

[400, 4, 0.5]:0117-053424
 =0.890993338558,0117-053426

best:[300, 2, 'auto'] 0.898518808777
