0118-011438-GB
track2 train_day_diff_3.csv test_day_diff_3.csv day_diff10_3
col used:['enrollment_id', 'take_course_num', 'user_log_num', 'course_log_num', 'take_user_num', 'log_num', 'server_nagivate', 'server_access', 'server_problem', 'browser_access', 'browser_problem', 'browser_page_close', 'browser_video', 'server_discussion', 'server_wiki', 'day_diff', 'valid_vlogcnt', 'log_day_1', 'log_day_2', 'log_day_3', 'log_day_4', 'log_day_5', 'first_access', 'last_access', 'course_start_time', 'course_access_diff', 'video_obj', 'problem_obj', 'discussion_obj', 'take_course_num_1', 'longest_offline', 'longest_online']
-----------
load trainingX with shape = (13170, 30)
load testingX with shape = (3282, 30)
-----------
[300, 2, 0.5]:0118-011438
GradientBoostingClassifier(init=None, learning_rate=0.1, loss=deviance,
              max_depth=2, max_features=0.5, min_samples_leaf=1,
              min_samples_split=2, n_estimators=300, random_state=1126,
              subsample=1.0, verbose=0)
 =0.77258921792,0118-011453

[300, 2, 'auto']:0118-011453
GradientBoostingClassifier(init=None, learning_rate=0.1, loss=deviance,
              max_depth=2, max_features=auto, min_samples_leaf=1,
              min_samples_split=2, n_estimators=300, random_state=1126,
              subsample=1.0, verbose=0)
 =0.774715261959,0118-011520

[300, 3, 0.5]:0118-011520
GradientBoostingClassifier(init=None, learning_rate=0.1, loss=deviance,
              max_depth=3, max_features=0.5, min_samples_leaf=1,
              min_samples_split=2, n_estimators=300, random_state=1126,
              subsample=1.0, verbose=0)
 =0.77509491268,0118-011540

[300, 3, 'auto']:0118-011540
GradientBoostingClassifier(init=None, learning_rate=0.1, loss=deviance,
              max_depth=3, max_features=auto, min_samples_leaf=1,
              min_samples_split=2, n_estimators=300, random_state=1126,
              subsample=1.0, verbose=0)
 =0.775018982536,0118-011620

[300, 4, 0.5]:0118-011620
GradientBoostingClassifier(init=None, learning_rate=0.1, loss=deviance,
              max_depth=4, max_features=0.5, min_samples_leaf=1,
              min_samples_split=2, n_estimators=300, random_state=1126,
              subsample=1.0, verbose=0)
 =0.772968868641,0118-011647

[300, 4, 'auto']:0118-011647
GradientBoostingClassifier(init=None, learning_rate=0.1, loss=deviance,
              max_depth=4, max_features=auto, min_samples_leaf=1,
              min_samples_split=2, n_estimators=300, random_state=1126,
              subsample=1.0, verbose=0)
 =0.770539104024,0118-011740

[400, 2, 0.5]:0118-011740
GradientBoostingClassifier(init=None, learning_rate=0.1, loss=deviance,
              max_depth=2, max_features=0.5, min_samples_leaf=1,
              min_samples_split=2, n_estimators=400, random_state=1126,
              subsample=1.0, verbose=0)
 =0.773500379651,0118-011759

[400, 2, 'auto']:0118-011759
GradientBoostingClassifier(init=None, learning_rate=0.1, loss=deviance,
              max_depth=2, max_features=auto, min_samples_leaf=1,
              min_samples_split=2, n_estimators=400, random_state=1126,
              subsample=1.0, verbose=0)
 =0.774183750949,0118-011836

[400, 3, 0.5]:0118-011836
GradientBoostingClassifier(init=None, learning_rate=0.1, loss=deviance,
              max_depth=3, max_features=0.5, min_samples_leaf=1,
              min_samples_split=2, n_estimators=400, random_state=1126,
              subsample=1.0, verbose=0)
 =0.773728170084,0118-011903

[400, 3, 'auto']:0118-011903
GradientBoostingClassifier(init=None, learning_rate=0.1, loss=deviance,
              max_depth=3, max_features=auto, min_samples_leaf=1,
              min_samples_split=2, n_estimators=400, random_state=1126,
              subsample=1.0, verbose=0)
 =0.772285497342,0118-011959

[400, 4, 0.5]:0118-011959
GradientBoostingClassifier(init=None, learning_rate=0.1, loss=deviance,
              max_depth=4, max_features=0.5, min_samples_leaf=1,
              min_samples_split=2, n_estimators=400, random_state=1126,
              subsample=1.0, verbose=0)
 =0.770690964313,0118-012035

[400, 4, 'auto']:0118-012035
GradientBoostingClassifier(init=None, learning_rate=0.1, loss=deviance,
              max_depth=4, max_features=auto, min_samples_leaf=1,
              min_samples_split=2, n_estimators=400, random_state=1126,
              subsample=1.0, verbose=0)
 =0.769855732726,0118-012146

best:[300, 3, 0.5] 0.77509491268
[  9.48840982e-02   2.96503499e-02   2.61546887e-02   5.29206830e-02
   1.46207854e-02   7.22351966e-02   2.37850711e-02   1.11255870e-02
   3.42343173e-02   7.79771817e-03   3.06415326e-02   1.80338417e-02
   9.19505542e-03   1.98298073e-02   5.87318039e-03   1.50057864e-03
   1.42686129e-02   4.35974652e-02   4.09814916e-02   6.33126633e-03
   6.70068596e-02   5.47732842e-02   1.78101861e-02   1.42523122e-01
   3.14131811e-02   6.97807755e-02   3.16091889e-06   2.10536180e-02
   2.82954988e-02   9.67898630e-03]
